<?xml version="1.0" encoding="UTF-8"?>
<testsuite name="com.star.test.TestApplicationTests" tests="1" skipped="0" failures="0" errors="0" timestamp="2020-11-12T07:53:58" hostname="stardeMac-mini.local" time="22.631">
  <properties/>
  <testcase name="testQueryDslQuery()" classname="com.star.test.TestApplicationTests" time="22.631"/>
  <system-out><![CDATA[15:53:40.438 [Test worker] DEBUG org.springframework.test.context.BootstrapUtils - Instantiating CacheAwareContextLoaderDelegate from class [org.springframework.test.context.cache.DefaultCacheAwareContextLoaderDelegate]
15:53:40.449 [Test worker] DEBUG org.springframework.test.context.BootstrapUtils - Instantiating BootstrapContext using constructor [public org.springframework.test.context.support.DefaultBootstrapContext(java.lang.Class,org.springframework.test.context.CacheAwareContextLoaderDelegate)]
15:53:40.474 [Test worker] DEBUG org.springframework.test.context.BootstrapUtils - Instantiating TestContextBootstrapper for test class [com.star.test.TestApplicationTests] from class [org.springframework.boot.test.context.SpringBootTestContextBootstrapper]
15:53:40.487 [Test worker] INFO org.springframework.boot.test.context.SpringBootTestContextBootstrapper - Neither @ContextConfiguration nor @ContextHierarchy found for test class [com.star.test.TestApplicationTests], using SpringBootContextLoader
15:53:40.490 [Test worker] DEBUG org.springframework.test.context.support.AbstractContextLoader - Did not detect default resource location for test class [com.star.test.TestApplicationTests]: class path resource [com/star/test/TestApplicationTests-context.xml] does not exist
15:53:40.491 [Test worker] DEBUG org.springframework.test.context.support.AbstractContextLoader - Did not detect default resource location for test class [com.star.test.TestApplicationTests]: class path resource [com/star/test/TestApplicationTestsContext.groovy] does not exist
15:53:40.491 [Test worker] INFO org.springframework.test.context.support.AbstractContextLoader - Could not detect default resource locations for test class [com.star.test.TestApplicationTests]: no resource found for suffixes {-context.xml, Context.groovy}.
15:53:40.493 [Test worker] INFO org.springframework.test.context.support.AnnotationConfigContextLoaderUtils - Could not detect default configuration classes for test class [com.star.test.TestApplicationTests]: TestApplicationTests does not declare any static, non-private, non-final, nested classes annotated with @Configuration.
15:53:40.527 [Test worker] DEBUG org.springframework.test.context.support.ActiveProfilesUtils - Could not find an 'annotation declaring class' for annotation type [org.springframework.test.context.ActiveProfiles] and class [com.star.test.TestApplicationTests]
15:53:40.589 [Test worker] DEBUG org.springframework.context.annotation.ClassPathScanningCandidateComponentProvider - Identified candidate component class: file [/Users/star/IdeaProjects/test/build/classes/java/main/com/star/test/AppleApplication.class]
15:53:40.589 [Test worker] INFO org.springframework.boot.test.context.SpringBootTestContextBootstrapper - Found @SpringBootConfiguration com.star.test.AppleApplication for test class com.star.test.TestApplicationTests
15:53:40.673 [Test worker] DEBUG org.springframework.boot.test.context.SpringBootTestContextBootstrapper - @TestExecutionListeners is not present for class [com.star.test.TestApplicationTests]: using defaults.
15:53:40.673 [Test worker] INFO org.springframework.boot.test.context.SpringBootTestContextBootstrapper - Loaded default TestExecutionListener class names from location [META-INF/spring.factories]: [org.springframework.boot.test.autoconfigure.restdocs.RestDocsTestExecutionListener, org.springframework.boot.test.autoconfigure.web.client.MockRestServiceServerResetTestExecutionListener, org.springframework.boot.test.autoconfigure.web.servlet.MockMvcPrintOnlyOnFailureTestExecutionListener, org.springframework.boot.test.autoconfigure.web.servlet.WebDriverTestExecutionListener, org.springframework.boot.test.autoconfigure.webservices.client.MockWebServiceServerTestExecutionListener, org.springframework.boot.test.mock.mockito.MockitoTestExecutionListener, org.springframework.boot.test.mock.mockito.ResetMocksTestExecutionListener, org.springframework.test.context.web.ServletTestExecutionListener, org.springframework.test.context.support.DirtiesContextBeforeModesTestExecutionListener, org.springframework.test.context.support.DependencyInjectionTestExecutionListener, org.springframework.test.context.support.DirtiesContextTestExecutionListener, org.springframework.test.context.transaction.TransactionalTestExecutionListener, org.springframework.test.context.jdbc.SqlScriptsTestExecutionListener, org.springframework.test.context.event.EventPublishingTestExecutionListener]
15:53:40.687 [Test worker] INFO org.springframework.boot.test.context.SpringBootTestContextBootstrapper - Using TestExecutionListeners: [org.springframework.test.context.web.ServletTestExecutionListener@60b84102, org.springframework.test.context.support.DirtiesContextBeforeModesTestExecutionListener@7ca8a63d, org.springframework.boot.test.mock.mockito.MockitoTestExecutionListener@3e5d619b, org.springframework.boot.test.autoconfigure.SpringBootDependencyInjectionTestExecutionListener@11f10366, org.springframework.test.context.support.DirtiesContextTestExecutionListener@33e3e00b, org.springframework.test.context.transaction.TransactionalTestExecutionListener@a432104, org.springframework.test.context.jdbc.SqlScriptsTestExecutionListener@5fc7d86e, org.springframework.test.context.event.EventPublishingTestExecutionListener@46b40ac3, org.springframework.boot.test.autoconfigure.restdocs.RestDocsTestExecutionListener@6afb49a6, org.springframework.boot.test.autoconfigure.web.client.MockRestServiceServerResetTestExecutionListener@79230efc, org.springframework.boot.test.autoconfigure.web.servlet.MockMvcPrintOnlyOnFailureTestExecutionListener@1846bd1e, org.springframework.boot.test.autoconfigure.web.servlet.WebDriverTestExecutionListener@7ec25ec7, org.springframework.boot.test.autoconfigure.webservices.client.MockWebServiceServerTestExecutionListener@4ec48ec0, org.springframework.boot.test.mock.mockito.ResetMocksTestExecutionListener@2f713d0a]
15:53:40.691 [Test worker] DEBUG org.springframework.test.context.support.AbstractDirtiesContextTestExecutionListener - Before test class: context [DefaultTestContext@7fee20e5 testClass = TestApplicationTests, testInstance = [null], testMethod = [null], testException = [null], mergedContextConfiguration = [WebMergedContextConfiguration@38814744 testClass = TestApplicationTests, locations = '{}', classes = '{class com.star.test.AppleApplication}', contextInitializerClasses = '[]', activeProfiles = '{}', propertySourceLocations = '{}', propertySourceProperties = '{org.springframework.boot.test.context.SpringBootTestContextBootstrapper=true}', contextCustomizers = set[org.springframework.boot.test.autoconfigure.properties.PropertyMappingContextCustomizer@0, org.springframework.boot.test.autoconfigure.web.servlet.WebDriverContextCustomizerFactory$Customizer@69dec279, org.springframework.boot.test.context.filter.ExcludeFilterContextCustomizer@76e2991e, org.springframework.boot.test.json.DuplicateJsonObjectContextCustomizerFactory$DuplicateJsonObjectContextCustomizer@752a502b, org.springframework.boot.test.mock.mockito.MockitoContextCustomizer@0, org.springframework.boot.test.web.client.TestRestTemplateContextCustomizer@6a739820, org.springframework.boot.test.context.SpringBootTestArgs@1], resourceBasePath = 'src/main/webapp', contextLoader = 'org.springframework.boot.test.context.SpringBootContextLoader', parent = [null]], attributes = map['org.springframework.test.context.web.ServletTestExecutionListener.activateListener' -> true]], class annotated with @DirtiesContext [false] with mode [null].
15:53:40.721 [Test worker] DEBUG org.springframework.test.context.support.TestPropertySourceUtils - Adding inlined properties to environment: {spring.jmx.enabled=false, org.springframework.boot.test.context.SpringBootTestContextBootstrapper=true}

  .   ____          _            __ _ _
 /\\ / ___'_ __ _ _(_)_ __  __ _ \ \ \ \
( ( )\___ | '_ | '_| | '_ \/ _` | \ \ \ \
 \\/  ___)| |_)| | | | | || (_| |  ) ) ) )
  '  |____| .__|_| |_|_| |_\__, | / / / /
 =========|_|==============|___/=/_/_/_/
 :: Spring Boot ::        (v2.3.3.RELEASE)

2020-11-12 15:53:50.906  WARN 16711 --- [    Test worker] o.s.boot.StartupInfoLogger               : InetAddress.getLocalHost().getHostName() took 5002 milliseconds to respond. Please verify your network configuration (macOS machines may need to add entries to /etc/hosts).
2020-11-12 15:53:55.911  INFO 16711 --- [    Test worker] com.star.test.TestApplicationTests       : Starting TestApplicationTests on stardeMac-mini.local with PID 16711 (started by star in /Users/star/IdeaProjects/test)
2020-11-12 15:53:55.911  INFO 16711 --- [    Test worker] com.star.test.TestApplicationTests       : No active profile set, falling back to default profiles: default
2020-11-12 15:53:56.348  INFO 16711 --- [    Test worker] .s.d.r.c.RepositoryConfigurationDelegate : Bootstrapping Spring Data JPA repositories in DEFERRED mode.
2020-11-12 15:53:56.410  INFO 16711 --- [    Test worker] .s.d.r.c.RepositoryConfigurationDelegate : Finished Spring Data repository scanning in 55ms. Found 1 JPA repository interfaces.
2020-11-12 15:53:56.930  INFO 16711 --- [    Test worker] o.s.s.concurrent.ThreadPoolTaskExecutor  : Initializing ExecutorService 'applicationTaskExecutor'
2020-11-12 15:53:56.942  INFO 16711 --- [    Test worker] com.zaxxer.hikari.HikariDataSource       : HikariPool-1 - Starting...
2020-11-12 15:53:57.187  INFO 16711 --- [    Test worker] com.zaxxer.hikari.HikariDataSource       : HikariPool-1 - Start completed.
2020-11-12 15:53:57.245  INFO 16711 --- [         task-1] o.hibernate.jpa.internal.util.LogHelper  : HHH000204: Processing PersistenceUnitInfo [name: default]
2020-11-12 15:53:57.297  INFO 16711 --- [         task-1] org.hibernate.Version                    : HHH000412: Hibernate ORM core version 5.4.20.Final
2020-11-12 15:53:57.450  INFO 16711 --- [         task-1] o.hibernate.annotations.common.Version   : HCANN000001: Hibernate Commons Annotations {5.1.0.Final}
2020-11-12 15:53:57.508  WARN 16711 --- [    Test worker] JpaBaseConfiguration$JpaWebConfiguration : spring.jpa.open-in-view is enabled by default. Therefore, database queries may be performed during view rendering. Explicitly configure spring.jpa.open-in-view to disable this warning
2020-11-12 15:53:57.553  INFO 16711 --- [         task-1] org.hibernate.dialect.Dialect            : HHH000400: Using dialect: org.hibernate.dialect.MySQL5InnoDBDialect
2020-11-12 15:53:58.089  INFO 16711 --- [         task-1] o.h.e.t.j.p.i.JtaPlatformInitiator       : HHH000490: Using JtaPlatform implementation: [org.hibernate.engine.transaction.jta.platform.internal.NoJtaPlatform]
2020-11-12 15:53:58.096  INFO 16711 --- [         task-1] j.LocalContainerEntityManagerFactoryBean : Initialized JPA EntityManagerFactory for persistence unit 'default'
2020-11-12 15:53:58.614  INFO 16711 --- [    Test worker] DeferredRepositoryInitializationListener : Triggering deferred initialization of Spring Data repositories…
2020-11-12 15:53:58.684  INFO 16711 --- [    Test worker] DeferredRepositoryInitializationListener : Spring Data repositories initialized!
2020-11-12 15:53:58.690  INFO 16711 --- [    Test worker] com.star.test.TestApplicationTests       : Started TestApplicationTests in 17.962 seconds (JVM running for 18.923)
Hibernate: select apple0_.id as id1_0_, apple0_.location as location2_0_, apple0_.name as name3_0_, apple0_.price as price4_0_ from apple apple0_ where apple0_.id=? and apple0_.name=?
[{"price":123,"name":"star","location":"xian","id":1}]
]]></system-out>
  <system-err><![CDATA[]]></system-err>
</testsuite>
